CRITICAL - 2024-05-21 21:35:44 --> ErrorException: Cannot use empty array elements in arrays
[Method: POST, Route: unidades/insertar]
in APPPATH\Controllers\Unidades.php on line 44.
 1 [internal function]: CodeIgniter\Debug\Exceptions->shutdownHandler()
CRITICAL - 2024-05-21 21:36:34 --> ErrorException: Cannot use empty array elements in arrays
[Method: GET, Route: unidades/nuevo]
in APPPATH\Controllers\Unidades.php on line 44.
 1 [internal function]: CodeIgniter\Debug\Exceptions->shutdownHandler()
CRITICAL - 2024-05-21 21:36:34 --> ErrorException: Cannot use empty array elements in arrays
[Method: GET, Route: unidades]
in APPPATH\Controllers\Unidades.php on line 44.
 1 [internal function]: CodeIgniter\Debug\Exceptions->shutdownHandler()
CRITICAL - 2024-05-21 21:36:36 --> ErrorException: Cannot use empty array elements in arrays
[Method: GET, Route: unidades]
in APPPATH\Controllers\Unidades.php on line 44.
 1 [internal function]: CodeIgniter\Debug\Exceptions->shutdownHandler()
CRITICAL - 2024-05-21 21:36:48 --> ErrorException: Cannot use empty array elements in arrays
[Method: GET, Route: unidades/nuevo]
in APPPATH\Controllers\Unidades.php on line 44.
 1 [internal function]: CodeIgniter\Debug\Exceptions->shutdownHandler()
